<?xml version="1.0" encoding="UTF-8"?>
<!-- Generated by org.testng.reporters.JUnitXMLReporter -->
<testsuite ignored="1" hostname="viralbug" failures="1" tests="2" name="Error validation" time="3.674" errors="0" timestamp="2025-11-14T12:40:34 IST">
  <testcase classname="viralbugindustries.tests.ErrorValidations" name="LoginErrorValidation" time="0.314">
    <skipped/>
  </testcase> <!-- LoginErrorValidation -->
  <testcase classname="viralbugindustries.tests.ErrorValidations" name="LoginErrorValidation" time="0.363">
    <failure type="java.lang.AssertionError" message="expected [Incorrect email or password.] but found [Incorrect email  password.]">
      <![CDATA[java.lang.AssertionError: expected [Incorrect email or password.] but found [Incorrect email  password.]
at viralbugindustries.tests.ErrorValidations.LoginErrorValidation(ErrorValidations.java:26)
at java.base/java.util.ArrayList.forEach(ArrayList.java:1596)
... Removed 31 stack frames]]>
    </failure>
  </testcase> <!-- LoginErrorValidation -->
  <testcase classname="viralbugindustries.tests.ErrorValidations" name="ProductErrorValidation" time="0.0">
    <ignored/>
  </testcase> <!-- ProductErrorValidation -->
</testsuite> <!-- Error validation -->
