<?xml version="1.0" encoding="UTF-8"?>
<!-- Generated by org.testng.reporters.JUnitXMLReporter -->
<testsuite ignored="1" hostname="viralbug" failures="0" tests="2" name="Submit Order test" time="10.674" errors="0" timestamp="2025-11-14T12:40:30 IST">
  <testcase classname="viralbugindustries.tests.SubmitOrderTest" name="submitOrder" time="3.643"/>
  <testcase classname="viralbugindustries.tests.SubmitOrderTest" name="submitOrder" time="3.622"/>
  <testcase classname="viralbugindustries.tests.SubmitOrderTest" name="OrderHistoryTest" time="0.0">
    <ignored/>
  </testcase> <!-- OrderHistoryTest -->
</testsuite> <!-- Submit Order test -->
