<?xml version="1.0" encoding="UTF-8"?>
<!-- Generated by org.testng.reporters.JUnitXMLReporter -->
<testsuite ignored="1" hostname="viralbug" failures="0" tests="1" name="Error validation" time="4.391" errors="0" timestamp="2025-12-01T15:26:05 IST">
  <testcase classname="viralbugindustries.tests.ErrorValidations" name="LoginErrorValidation" time="0.402"/>
  <testcase classname="viralbugindustries.tests.ErrorValidations" name="ProductErrorValidation" time="0.0">
    <ignored/>
  </testcase> <!-- ProductErrorValidation -->
</testsuite> <!-- Error validation -->
