<?xml version="1.0" encoding="UTF-8"?>
<!-- Generated by org.testng.reporters.JUnitXMLReporter -->
<testsuite ignored="1" hostname="viralbug" failures="0" tests="2" name="Submit Order test" time="17.94" errors="0" timestamp="2025-12-01T15:26:01 IST">
  <testcase classname="viralbugindustries.tests.SubmitOrderTest" name="submitOrder" time="3.909"/>
  <testcase classname="viralbugindustries.tests.SubmitOrderTest" name="submitOrder" time="3.87"/>
  <testcase classname="viralbugindustries.tests.SubmitOrderTest" name="OrderHistoryTest" time="0.0">
    <ignored/>
  </testcase> <!-- OrderHistoryTest -->
</testsuite> <!-- Submit Order test -->
