<?xml version="1.0" encoding="UTF-8"?>
<testng-results ignored="2" total="5" passed="3" failed="0" skipped="0">
  <reporter-output>
  </reporter-output>
  <suite started-at="2025-12-01T15:25:42 IST" name="Suite" finished-at="2025-12-01T15:26:05 IST" duration-ms="22666">
    <groups>
      <group name="ErrorHandling">
        <method signature="ErrorValidations.LoginErrorValidation()[pri:0, instance:viralbugindustries.tests.ErrorValidations@5f9edf14]" name="LoginErrorValidation" class="viralbugindustries.tests.ErrorValidations"/>
      </group> <!-- ErrorHandling -->
      <group name="Purchase">
        <method signature="SubmitOrderTest.submitOrder(java.util.HashMap)[pri:0, instance:viralbugindustries.tests.SubmitOrderTest@69504ae9]" name="submitOrder" class="viralbugindustries.tests.SubmitOrderTest"/>
      </group> <!-- Purchase -->
      <group name="Regression">
        <method signature="SubmitOrderTest.submitOrder(java.util.HashMap)[pri:0, instance:viralbugindustries.tests.SubmitOrderTest@69504ae9]" name="submitOrder" class="viralbugindustries.tests.SubmitOrderTest"/>
        <method signature="ErrorValidations.LoginErrorValidation()[pri:0, instance:viralbugindustries.tests.ErrorValidations@5f9edf14]" name="LoginErrorValidation" class="viralbugindustries.tests.ErrorValidations"/>
      </group> <!-- Regression -->
    </groups>
    <test started-at="2025-12-01T15:25:42 IST" name="Submit Order test" finished-at="2025-12-01T15:26:00 IST" duration-ms="17940">
      <class name="viralbugindustries.tests.SubmitOrderTest">
        <test-method is-config="true" signature="launchApplication()[pri:0, instance:viralbugindustries.tests.SubmitOrderTest@69504ae9]" started-at="2025-12-01T15:25:42 IST" name="launchApplication" finished-at="2025-12-01T15:25:48 IST" duration-ms="5485" status="PASS">
          <reporter-output>
          </reporter-output>
        </test-method> <!-- launchApplication -->
        <test-method signature="submitOrder(java.util.HashMap)[pri:0, instance:viralbugindustries.tests.SubmitOrderTest@69504ae9]" started-at="2025-12-01T15:25:48 IST" name="submitOrder" data-provider="getData" finished-at="2025-12-01T15:25:52 IST" duration-ms="3909" status="PASS">
          <params>
            <param index="0">
              <value>
                <![CDATA[{mail=viralact@gmail.com, psw=Password@123, prodname=ZARA COAT 3}]]>
              </value>
            </param>
          </params>
          <reporter-output>
          </reporter-output>
        </test-method> <!-- submitOrder -->
        <test-method is-config="true" signature="tearDown()[pri:0, instance:viralbugindustries.tests.SubmitOrderTest@69504ae9]" started-at="2025-12-01T15:25:52 IST" name="tearDown" finished-at="2025-12-01T15:25:52 IST" duration-ms="95" status="PASS">
          <reporter-output>
          </reporter-output>
        </test-method> <!-- tearDown -->
        <test-method is-config="true" signature="launchApplication()[pri:0, instance:viralbugindustries.tests.SubmitOrderTest@69504ae9]" started-at="2025-12-01T15:25:52 IST" name="launchApplication" finished-at="2025-12-01T15:25:56 IST" duration-ms="4448" status="PASS">
          <reporter-output>
          </reporter-output>
        </test-method> <!-- launchApplication -->
        <test-method signature="submitOrder(java.util.HashMap)[pri:0, instance:viralbugindustries.tests.SubmitOrderTest@69504ae9]" started-at="2025-12-01T15:25:56 IST" name="submitOrder" data-provider="getData" finished-at="2025-12-01T15:26:00 IST" duration-ms="3870" status="PASS">
          <params>
            <param index="0">
              <value>
                <![CDATA[{mail=comebaby@gmail.com, psw=Password@123, prodname=ADIDAS ORIGINAL}]]>
              </value>
            </param>
          </params>
          <reporter-output>
          </reporter-output>
        </test-method> <!-- submitOrder -->
        <test-method is-config="true" signature="tearDown()[pri:0, instance:viralbugindustries.tests.SubmitOrderTest@69504ae9]" started-at="2025-12-01T15:26:00 IST" name="tearDown" finished-at="2025-12-01T15:26:00 IST" duration-ms="86" status="PASS">
          <reporter-output>
          </reporter-output>
        </test-method> <!-- tearDown -->
      </class> <!-- viralbugindustries.tests.SubmitOrderTest -->
    </test> <!-- Submit Order test -->
    <test started-at="2025-12-01T15:26:01 IST" name="Error validation" finished-at="2025-12-01T15:26:05 IST" duration-ms="4391">
      <class name="viralbugindustries.tests.ErrorValidations">
        <test-method is-config="true" signature="launchApplication()[pri:0, instance:viralbugindustries.tests.ErrorValidations@5f9edf14]" started-at="2025-12-01T15:26:01 IST" name="launchApplication" finished-at="2025-12-01T15:26:05 IST" duration-ms="3906" status="PASS">
          <reporter-output>
          </reporter-output>
        </test-method> <!-- launchApplication -->
        <test-method signature="LoginErrorValidation()[pri:0, instance:viralbugindustries.tests.ErrorValidations@5f9edf14]" started-at="2025-12-01T15:26:05 IST" name="LoginErrorValidation" finished-at="2025-12-01T15:26:05 IST" duration-ms="402" status="PASS">
          <reporter-output>
          </reporter-output>
        </test-method> <!-- LoginErrorValidation -->
        <test-method is-config="true" signature="tearDown()[pri:0, instance:viralbugindustries.tests.ErrorValidations@5f9edf14]" started-at="2025-12-01T15:26:05 IST" name="tearDown" finished-at="2025-12-01T15:26:05 IST" duration-ms="81" status="PASS">
          <reporter-output>
          </reporter-output>
        </test-method> <!-- tearDown -->
      </class> <!-- viralbugindustries.tests.ErrorValidations -->
    </test> <!-- Error validation -->
  </suite> <!-- Suite -->
</testng-results>
