<?xml version="1.0" encoding="UTF-8"?>
<!-- Generated by org.testng.reporters.JUnitReportReporter -->
<testsuite hostname="viralbug" failures="0" tests="2" name="viralbugindustries.tests.SubmitOrderTest" time="10.615" errors="0" timestamp="2025-11-14T12:40:34 IST" skipped="0">
  <testcase classname="viralbugindustries.tests.SubmitOrderTest" name="submitOrder" time="5.051"/>
  <testcase classname="viralbugindustries.tests.SubmitOrderTest" name="submitOrder" time="5.564"/>
</testsuite> <!-- viralbugindustries.tests.SubmitOrderTest -->
