<?xml version="1.0" encoding="UTF-8"?>
<!-- Generated by org.testng.reporters.JUnitReportReporter -->
<testsuite hostname="viralbug" failures="0" tests="2" name="viralbugindustries.tests.SubmitOrderTest" time="17.893" errors="0" timestamp="2025-12-01T15:26:05 IST" skipped="0">
  <testcase classname="viralbugindustries.tests.SubmitOrderTest" name="submitOrder" time="8.413"/>
  <testcase classname="viralbugindustries.tests.SubmitOrderTest" name="submitOrder" time="9.480"/>
</testsuite> <!-- viralbugindustries.tests.SubmitOrderTest -->
